<?xml version="1.0" encoding="UTF-8"?>
<testng-results skipped="0" failed="0" ignored="0" total="4" passed="4">
  <reporter-output>
  </reporter-output>
  <suite name="Default suite" duration-ms="101" started-at="2019-02-22T10:27:56Z" finished-at="2019-02-22T10:27:56Z">
    <groups>
    </groups>
    <test name="Default test" duration-ms="101" started-at="2019-02-22T10:27:56Z" finished-at="2019-02-22T10:27:56Z">
      <class name="NewTest">
        <test-method status="PASS" signature="addTest()[pri:0, instance:NewTest@2344fc66]" name="addTest" duration-ms="73" started-at="2019-02-22T15:57:56Z" finished-at="2019-02-22T15:57:56Z">
          <reporter-output>
          </reporter-output>
        </test-method> <!-- addTest -->
        <test-method status="PASS" signature="divTest()[pri:0, instance:NewTest@2344fc66]" name="divTest" duration-ms="2" started-at="2019-02-22T15:57:56Z" finished-at="2019-02-22T15:57:56Z">
          <reporter-output>
          </reporter-output>
        </test-method> <!-- divTest -->
        <test-method status="PASS" signature="mulTest()[pri:0, instance:NewTest@2344fc66]" name="mulTest" duration-ms="1" started-at="2019-02-22T15:57:56Z" finished-at="2019-02-22T15:57:56Z">
          <reporter-output>
          </reporter-output>
        </test-method> <!-- mulTest -->
        <test-method status="PASS" signature="subTest()[pri:0, instance:NewTest@2344fc66]" name="subTest" duration-ms="1" started-at="2019-02-22T15:57:56Z" finished-at="2019-02-22T15:57:56Z">
          <reporter-output>
          </reporter-output>
        </test-method> <!-- subTest -->
      </class> <!-- NewTest -->
    </test> <!-- Default test -->
  </suite> <!-- Default suite -->
</testng-results>
